Using pre-set license
Built from '2020.3/release' branch; Version is '2020.3.2f1 (8fd9074bf66c) revision 9427207'; Using compiler version '192528614'; Build Type 'Release'
OS: 'Windows 10 Enterprise; OS build 18363.1016; Version 1909; 64bit' Language: 'en' Physical Memory: 16324 MB
BatchMode: 1, IsHumanControllingUs: 0, StartBugReporterOnCrash: 0, Is64bit: 1, IsPro: 0

 COMMAND LINE ARGUMENTS:
C:\Program Files\Unity\Hub\Editor\2020.3.2f1\Editor\Unity.exe
-adb2
-batchMode
-noUpm
-name
AssetImportWorker0
-projectPath
C:/Users/msuter/Downloads/Max_DP/MaxDP
-logFile
Logs/AssetImportWorker0.log
-srvPort
59839
Successfully changed project path to: C:/Users/msuter/Downloads/Max_DP/MaxDP
C:/Users/msuter/Downloads/Max_DP/MaxDP
Using Asset Import Pipeline V2.
Refreshing native plugins compatible for Editor in 25.51 ms, found 2 plugins.
Preloading 0 native plugins for Editor in 0.00 ms.
Initialize engine version: 2020.3.2f1 (8fd9074bf66c)
[Subsystems] Discovering subsystems at path C:/Program Files/Unity/Hub/Editor/2020.3.2f1/Editor/Data/Resources/UnitySubsystems
[Subsystems] Discovering subsystems at path C:/Users/msuter/Downloads/Max_DP/MaxDP/Assets
GfxDevice: creating device client; threaded=0
Direct3D:
    Version:  Direct3D 11.0 [level 11.1]
    Renderer: NVIDIA GeForce GTX 1070 (ID=0x1b81)
    Vendor:   
    VRAM:     8088 MB
    Driver:   30.0.14.7196
Initialize mono
Mono path[0] = 'C:/Program Files/Unity/Hub/Editor/2020.3.2f1/Editor/Data/Managed'
Mono path[1] = 'C:/Program Files/Unity/Hub/Editor/2020.3.2f1/Editor/Data/MonoBleedingEdge/lib/mono/unityjit'
Mono config path = 'C:/Program Files/Unity/Hub/Editor/2020.3.2f1/Editor/Data/MonoBleedingEdge/etc'
Using monoOptions --debugger-agent=transport=dt_socket,embedding=1,server=y,suspend=n,address=127.0.0.1:56832
Begin MonoManager ReloadAssembly
Registering precompiled unity dll's ...
Register platform support module: C:/Program Files/Unity/Hub/Editor/2020.3.2f1/Editor/Data/PlaybackEngines/WebGLSupport/UnityEditor.WebGL.Extensions.dll
Register platform support module: C:/Program Files/Unity/Hub/Editor/2020.3.2f1/Editor/Data/PlaybackEngines/WindowsStandaloneSupport/UnityEditor.WindowsStandalone.Extensions.dll
Registered in 0.002104 seconds.
Native extension for WindowsStandalone target not found
Native extension for WebGL target not found
Refreshing native plugins compatible for Editor in 24.14 ms, found 2 plugins.
Preloading 0 native plugins for Editor in 0.00 ms.
Invoked RoslynAnalysisRunner static constructor.
RoslynAnalysisRunner will not be running.
RoslynAnalysisRunner has terminated.
Mono: successfully reloaded assembly
- Completed reload, in  1.027 seconds
Platform modules already initialized, skipping
Registering precompiled user dll's ...
Registered in 0.002796 seconds.
Begin MonoManager ReloadAssembly
Native extension for WindowsStandalone target not found
Native extension for WebGL target not found
Refreshing native plugins compatible for Editor in 0.30 ms, found 2 plugins.
Preloading 0 native plugins for Editor in 0.00 ms.
Invoked RoslynAnalysisRunner static constructor.
RoslynAnalysisRunner will not be running.
RoslynAnalysisRunner has terminated.
Mono: successfully reloaded assembly
- Completed reload, in  0.929 seconds
Platform modules already initialized, skipping
========================================================================
Worker process is ready to serve import requests
Launched and connected shader compiler UnityShaderCompiler.exe after 0.05 seconds
Refreshing native plugins compatible for Editor in 0.28 ms, found 2 plugins.
Preloading 0 native plugins for Editor in 0.00 ms.
Unloading 1401 Unused Serialized files (Serialized files now loaded: 0)
System memory in use before: 64.8 MB.
System memory in use after: 64.9 MB.

Unloading 16 unused Assets to reduce memory usage. Loaded Objects now: 1835.
Total: 2.157200 ms (FindLiveObjects: 0.150200 ms CreateObjectMapping: 0.035900 ms MarkObjects: 1.902400 ms  DeleteObjects: 0.067800 ms)

========================================================================
Received Import Request.
  path: Assets/PreFabs/Blocky.prefab
  artifactKey: Guid(8e02fb5ca3572064ba54fc887cd593f9) Importer(815301076,1909f56bfc062723c751e8b465ee728b)
Start importing Assets/PreFabs/Blocky.prefab using Guid(8e02fb5ca3572064ba54fc887cd593f9) Importer(815301076,1909f56bfc062723c751e8b465ee728b)  -> (artifact id: 'a9600e87d906ca06c6581efdb42426b5') in 0.061224 seconds
  Import took 0.063654 seconds .

========================================================================
Received Import Request.
  Time since last request: 0.000241 seconds.
  path: Assets/PreFabs/Wall.prefab
  artifactKey: Guid(5cb5db03e93d7fa4cb68ac023e654780) Importer(815301076,1909f56bfc062723c751e8b465ee728b)
Start importing Assets/PreFabs/Wall.prefab using Guid(5cb5db03e93d7fa4cb68ac023e654780) Importer(815301076,1909f56bfc062723c751e8b465ee728b)  -> (artifact id: '01fd5abb5d3173347affc1dfad742ac4') in 0.008129 seconds
  Import took 0.010164 seconds .

========================================================================
Received Import Request.
  Time since last request: 0.000298 seconds.
  path: Assets/PreFabs
  artifactKey: Guid(c8e97ac94b285f842b3937891c27db4f) Importer(815301076,1909f56bfc062723c751e8b465ee728b)
Start importing Assets/PreFabs using Guid(c8e97ac94b285f842b3937891c27db4f) Importer(815301076,1909f56bfc062723c751e8b465ee728b)  -> (artifact id: 'c6e89c272478bd019dd2f950fc09a91a') in 0.006926 seconds
  Import took 0.009315 seconds .

========================================================================
Received Import Request.
  Time since last request: 0.000298 seconds.
  path: Assets/PreFabs/Puck.prefab
  artifactKey: Guid(328d9b883996feb41b5432e4d76439ad) Importer(815301076,1909f56bfc062723c751e8b465ee728b)
Start importing Assets/PreFabs/Puck.prefab using Guid(328d9b883996feb41b5432e4d76439ad) Importer(815301076,1909f56bfc062723c751e8b465ee728b)  -> (artifact id: '71f212edc7d0fdcee5aa22bfdc8b3cc4') in 0.008958 seconds
  Import took 0.011545 seconds .

========================================================================
Received Prepare
Refreshing native plugins compatible for Editor in 2.16 ms, found 2 plugins.
Preloading 0 native plugins for Editor in 0.00 ms.
Unloading 9 Unused Serialized files (Serialized files now loaded: 0)
System memory in use before: 37.1 MB.
System memory in use after: 37.2 MB.

Unloading 9 unused Assets to reduce memory usage. Loaded Objects now: 1835.
Total: 2.550300 ms (FindLiveObjects: 0.125900 ms CreateObjectMapping: 0.041700 ms MarkObjects: 2.369000 ms  DeleteObjects: 0.012300 ms)

========================================================================
Received Import Request.
  Time since last request: 88.469155 seconds.
  path: Assets/Sprites
  artifactKey: Guid(be18c3639e210dc409a9e8548b430499) Importer(815301076,1909f56bfc062723c751e8b465ee728b)
Start importing Assets/Sprites using Guid(be18c3639e210dc409a9e8548b430499) Importer(815301076,1909f56bfc062723c751e8b465ee728b)  -> (artifact id: '915bf5646262fe7c172e6c79b34e92ad') in 0.005338 seconds
  Import took 0.007211 seconds .

========================================================================
Received Prepare
Registering precompiled user dll's ...
Registered in 0.002723 seconds.
Begin MonoManager ReloadAssembly
Native extension for WindowsStandalone target not found
Native extension for WebGL target not found
Refreshing native plugins compatible for Editor in 0.28 ms, found 2 plugins.
Preloading 0 native plugins for Editor in 0.00 ms.
Invoked RoslynAnalysisRunner static constructor.
RoslynAnalysisRunner will not be running.
RoslynAnalysisRunner has terminated.
Mono: successfully reloaded assembly
- Completed reload, in  0.897 seconds
Platform modules already initialized, skipping
Refreshing native plugins compatible for Editor in 0.36 ms, found 2 plugins.
Preloading 0 native plugins for Editor in 0.00 ms.
Unloading 1429 Unused Serialized files (Serialized files now loaded: 0)
System memory in use before: 65.7 MB.
System memory in use after: 65.9 MB.

Unloading 11 unused Assets to reduce memory usage. Loaded Objects now: 1871.
Total: 1.985900 ms (FindLiveObjects: 0.162900 ms CreateObjectMapping: 0.055600 ms MarkObjects: 1.742600 ms  DeleteObjects: 0.023700 ms)

========================================================================
Received Import Request.
  Time since last request: 179.357621 seconds.
  path: Assets/Sprites/Player.png
  artifactKey: Guid(7b09eeb5e139db94f93abe01b18f97ba) Importer(815301076,1909f56bfc062723c751e8b465ee728b)
Start importing Assets/Sprites/Player.png using Guid(7b09eeb5e139db94f93abe01b18f97ba) Importer(815301076,1909f56bfc062723c751e8b465ee728b)  -> (artifact id: 'f33bc2a336f55434902936c9a10d23d2') in 0.118998 seconds
  Import took 0.122263 seconds .

========================================================================
Received Import Request.
  Time since last request: 33.073095 seconds.
  path: Assets/Sprites/wall.png
  artifactKey: Guid(ae65cf847504b8749b5e0443c5aa7ee8) Importer(815301076,1909f56bfc062723c751e8b465ee728b)
Start importing Assets/Sprites/wall.png using Guid(ae65cf847504b8749b5e0443c5aa7ee8) Importer(815301076,1909f56bfc062723c751e8b465ee728b)  -> (artifact id: 'd91a8376a48329093b17656c9dc9f5f1') in 0.011794 seconds
  Import took 0.014369 seconds .

========================================================================
Received Prepare
Registering precompiled user dll's ...
Registered in 0.002791 seconds.
Begin MonoManager ReloadAssembly
Native extension for WindowsStandalone target not found
Native extension for WebGL target not found
Refreshing native plugins compatible for Editor in 0.29 ms, found 2 plugins.
Preloading 0 native plugins for Editor in 0.00 ms.
Invoked RoslynAnalysisRunner static constructor.
RoslynAnalysisRunner will not be running.
RoslynAnalysisRunner has terminated.
Mono: successfully reloaded assembly
- Completed reload, in  0.958 seconds
Platform modules already initialized, skipping
Refreshing native plugins compatible for Editor in 0.30 ms, found 2 plugins.
Preloading 0 native plugins for Editor in 0.00 ms.
Unloading 1429 Unused Serialized files (Serialized files now loaded: 0)
System memory in use before: 68.9 MB.
System memory in use after: 69.0 MB.

Unloading 11 unused Assets to reduce memory usage. Loaded Objects now: 1879.
Total: 1.883100 ms (FindLiveObjects: 0.157500 ms CreateObjectMapping: 0.048900 ms MarkObjects: 1.652600 ms  DeleteObjects: 0.022700 ms)

========================================================================
Received Import Request.
  Time since last request: 83.403777 seconds.
  path: Assets/PreFabs/Blocky.prefab
  artifactKey: Guid(8e02fb5ca3572064ba54fc887cd593f9) Importer(815301076,1909f56bfc062723c751e8b465ee728b)
Start importing Assets/PreFabs/Blocky.prefab using Guid(8e02fb5ca3572064ba54fc887cd593f9) Importer(815301076,1909f56bfc062723c751e8b465ee728b)  -> (artifact id: '02248291d8a57970cb8718b41d135a49') in 0.060061 seconds
  Import took 0.062479 seconds .

========================================================================
Received Prepare
Registering precompiled user dll's ...
Registered in 0.002692 seconds.
Begin MonoManager ReloadAssembly
Native extension for WindowsStandalone target not found
Native extension for WebGL target not found
Refreshing native plugins compatible for Editor in 0.31 ms, found 2 plugins.
Preloading 0 native plugins for Editor in 0.00 ms.
Invoked RoslynAnalysisRunner static constructor.
RoslynAnalysisRunner will not be running.
RoslynAnalysisRunner has terminated.
Mono: successfully reloaded assembly
- Completed reload, in  0.816 seconds
Platform modules already initialized, skipping
Refreshing native plugins compatible for Editor in 0.27 ms, found 2 plugins.
Preloading 0 native plugins for Editor in 0.00 ms.
Unloading 1429 Unused Serialized files (Serialized files now loaded: 0)
System memory in use before: 68.9 MB.
System memory in use after: 69.0 MB.

Unloading 11 unused Assets to reduce memory usage. Loaded Objects now: 1885.
Total: 1.885700 ms (FindLiveObjects: 0.127900 ms CreateObjectMapping: 0.041300 ms MarkObjects: 1.697100 ms  DeleteObjects: 0.018300 ms)

AssetImportWorkerClient::OnTransportError - code=2 error=End of file
